[INFO] GPU: Tesla T4
[INFO] CUDA Compute: 7.5
[INFO] Found 100 images
[INFO] Blur kernel size: 5
[OK] synthetic_0056.png (640x480) -> synthetic_0056_processed.png | 340.419 ms
[OK] synthetic_0058.png (640x480) -> synthetic_0058_processed.png | 37.8722 ms
[OK] synthetic_0033.png (320x240) -> synthetic_0033_processed.png | 9.86495 ms
[OK] 4.1.07.png (256x256) -> 4.1.07_processed.png | 7.16396 ms
[OK] synthetic_0017.png (640x480) -> synthetic_0017_processed.png | 37.6715 ms
[OK] synthetic_0069.png (640x480) -> synthetic_0069_processed.png | 36.6952 ms
[OK] synthetic_0044.png (512x512) -> synthetic_0044_processed.png | 33.1493 ms
[OK] synthetic_0035.png (512x512) -> synthetic_0035_processed.png | 32.0432 ms
[OK] synthetic_0049.png (640x480) -> synthetic_0049_processed.png | 37.9174 ms
[OK] synthetic_0051.png (320x240) -> synthetic_0051_processed.png | 9.73854 ms
[OK] synthetic_0086.png (512x512) -> synthetic_0086_processed.png | 32.2937 ms
[OK] synthetic_0026.png (512x512) -> synthetic_0026_processed.png | 32.7331 ms
[OK] 4.2.01.png (512x512) -> 4.2.01_processed.png | 31.7385 ms
[OK] synthetic_0073.png (640x480) -> synthetic_0073_processed.png | 37.0577 ms
[OK] 4.1.08.png (256x256) -> 4.1.08_processed.png | 7.6775 ms
[OK] synthetic_0089.png (320x240) -> synthetic_0089_processed.png | 10.0679 ms
[OK] synthetic_0019.png (512x512) -> synthetic_0019_processed.png | 32.0193 ms
[OK] synthetic_0087.png (512x512) -> synthetic_0087_processed.png | 30.7695 ms
[OK] synthetic_0062.png (256x256) -> synthetic_0062_processed.png | 8.56424 ms
[OK] synthetic_0038.png (512x512) -> synthetic_0038_processed.png | 30.9084 ms
[OK] synthetic_0061.png (256x256) -> synthetic_0061_processed.png | 9.66779 ms
[OK] synthetic_0047.png (640x480) -> synthetic_0047_processed.png | 38.3873 ms
[OK] synthetic_0063.png (512x512) -> synthetic_0063_processed.png | 32.4439 ms
[OK] synthetic_0075.png (512x512) -> synthetic_0075_processed.png | 45.5166 ms
[WARN] Failed to load: "4.2.02.png"
[OK] synthetic_0020.png (256x256) -> synthetic_0020_processed.png | 13.7937 ms
[OK] synthetic_0066.png (640x480) -> synthetic_0066_processed.png | 54.1066 ms
[OK] synthetic_0055.png (512x512) -> synthetic_0055_processed.png | 50.1517 ms
[OK] synthetic_0072.png (320x240) -> synthetic_0072_processed.png | 15.8984 ms
[OK] synthetic_0036.png (256x256) -> synthetic_0036_processed.png | 14.1242 ms
[OK] synthetic_0068.png (640x480) -> synthetic_0068_processed.png | 54.7786 ms
[OK] synthetic_0082.png (640x480) -> synthetic_0082_processed.png | 56.5691 ms
[OK] 4.1.06.png (256x256) -> 4.1.06_processed.png | 13.5338 ms
[OK] synthetic_0023.png (512x512) -> synthetic_0023_processed.png | 55.7382 ms
[OK] 4.1.01.png (256x256) -> 4.1.01_processed.png | 17.1655 ms
[OK] synthetic_0076.png (640x480) -> synthetic_0076_processed.png | 45.5051 ms
[OK] synthetic_0099.png (256x256) -> synthetic_0099_processed.png | 8.55897 ms
[OK] synthetic_0030.png (640x480) -> synthetic_0030_processed.png | 36.3074 ms
[OK] 4.2.05.png (512x512) -> 4.2.05_processed.png | 31.6244 ms
[OK] synthetic_0045.png (256x256) -> synthetic_0045_processed.png | 8.50927 ms
[WARN] Failed to load: "4.2.04.png"
[OK] synthetic_0021.png (320x240) -> synthetic_0021_processed.png | 9.64264 ms
[OK] synthetic_0064.png (320x240) -> synthetic_0064_processed.png | 9.91248 ms
[OK] synthetic_0098.png (320x240) -> synthetic_0098_processed.png | 9.87082 ms
[OK] 4.1.05.png (256x256) -> 4.1.05_processed.png | 8.16306 ms
[OK] synthetic_0042.png (512x512) -> synthetic_0042_processed.png | 30.9273 ms
[OK] synthetic_0071.png (256x256) -> synthetic_0071_processed.png | 8.58402 ms
[OK] synthetic_0022.png (320x240) -> synthetic_0022_processed.png | 9.74348 ms
[OK] synthetic_0040.png (256x256) -> synthetic_0040_processed.png | 8.59929 ms
[OK] synthetic_0060.png (256x256) -> synthetic_0060_processed.png | 8.97598 ms
[OK] synthetic_0027.png (640x480) -> synthetic_0027_processed.png | 66.1236 ms
[OK] synthetic_0083.png (512x512) -> synthetic_0083_processed.png | 49.9829 ms
[OK] synthetic_0088.png (640x480) -> synthetic_0088_processed.png | 54.0463 ms
[OK] synthetic_0043.png (320x240) -> synthetic_0043_processed.png | 15.1151 ms
[OK] synthetic_0029.png (640x480) -> synthetic_0029_processed.png | 57.444 ms
[OK] synthetic_0067.png (256x256) -> synthetic_0067_processed.png | 13.7068 ms
[OK] synthetic_0028.png (640x480) -> synthetic_0028_processed.png | 55.111 ms
[OK] 4.1.02.png (256x256) -> 4.1.02_processed.png | 12.0243 ms
[OK] synthetic_0039.png (512x512) -> synthetic_0039_processed.png | 41.0854 ms
[OK] synthetic_0037.png (640x480) -> synthetic_0037_processed.png | 37.9994 ms
[OK] synthetic_0070.png (512x512) -> synthetic_0070_processed.png | 31.179 ms
[OK] 4.2.03.png (512x512) -> 4.2.03_processed.png | 33.6143 ms
[OK] synthetic_0065.png (512x512) -> synthetic_0065_processed.png | 30.8247 ms
[OK] synthetic_0052.png (320x240) -> synthetic_0052_processed.png | 9.94203 ms
[OK] synthetic_0085.png (640x480) -> synthetic_0085_processed.png | 41.9521 ms
[OK] synthetic_0031.png (512x512) -> synthetic_0031_processed.png | 34.1272 ms
[OK] 4.1.04.png (256x256) -> 4.1.04_processed.png | 8.59196 ms
[OK] synthetic_0034.png (256x256) -> synthetic_0034_processed.png | 8.57402 ms
[OK] synthetic_0050.png (512x512) -> synthetic_0050_processed.png | 33.8201 ms
[OK] synthetic_0053.png (256x256) -> synthetic_0053_processed.png | 8.50058 ms
[OK] synthetic_0097.png (320x240) -> synthetic_0097_processed.png | 9.70858 ms
[OK] synthetic_0054.png (640x480) -> synthetic_0054_processed.png | 39.0609 ms
[OK] synthetic_0095.png (640x480) -> synthetic_0095_processed.png | 38.924 ms
[OK] synthetic_0077.png (512x512) -> synthetic_0077_processed.png | 34.5151 ms
[OK] synthetic_0048.png (256x256) -> synthetic_0048_processed.png | 12.6888 ms
[OK] synthetic_0018.png (256x256) -> synthetic_0018_processed.png | 16.8888 ms
[OK] synthetic_0059.png (320x240) -> synthetic_0059_processed.png | 18.2619 ms
[OK] synthetic_0025.png (512x512) -> synthetic_0025_processed.png | 54.4384 ms
[OK] 4.2.06.png (512x512) -> 4.2.06_processed.png | 55.1974 ms
[OK] synthetic_0015.png (512x512) -> synthetic_0015_processed.png | 70.947 ms
[OK] synthetic_0096.png (320x240) -> synthetic_0096_processed.png | 31.928 ms
[OK] synthetic_0093.png (640x480) -> synthetic_0093_processed.png | 63.2467 ms
[OK] synthetic_0092.png (640x480) -> synthetic_0092_processed.png | 56.2345 ms
[OK] synthetic_0090.png (320x240) -> synthetic_0090_processed.png | 15.4885 ms
[OK] synthetic_0074.png (512x512) -> synthetic_0074_processed.png | 57.2263 ms
[OK] synthetic_0041.png (320x240) -> synthetic_0041_processed.png | 15.802 ms
[OK] synthetic_0084.png (256x256) -> synthetic_0084_processed.png | 12.8188 ms
[OK] 4.2.07.png (512x512) -> 4.2.07_processed.png | 47.5787 ms
[OK] synthetic_0080.png (256x256) -> synthetic_0080_processed.png | 12.917 ms
[OK] synthetic_0081.png (512x512) -> synthetic_0081_processed.png | 50.9911 ms
[OK] synthetic_0079.png (320x240) -> synthetic_0079_processed.png | 15.4569 ms
[OK] synthetic_0094.png (256x256) -> synthetic_0094_processed.png | 13.2226 ms
[OK] synthetic_0046.png (512x512) -> synthetic_0046_processed.png | 48.7584 ms
[OK] synthetic_0078.png (512x512) -> synthetic_0078_processed.png | 57.0757 ms
[OK] synthetic_0016.png (256x256) -> synthetic_0016_processed.png | 12.8891 ms
[OK] synthetic_0091.png (512x512) -> synthetic_0091_processed.png | 55.4973 ms
[OK] synthetic_0032.png (320x240) -> synthetic_0032_processed.png | 18.5719 ms
[OK] 4.1.03.png (256x256) -> 4.1.03_processed.png | 11.2688 ms
[OK] synthetic_0024.png (512x512) -> synthetic_0024_processed.png | 54.9357 ms
[OK] synthetic_0057.png (256x256) -> synthetic_0057_processed.png | 14.9553 ms
[SUMMARY] Processed: 98 | Failed: 2 | Total time: 3205.77 ms | Avg: 32.712 ms/image
